<?xml version="1.0" encoding="UTF-8"?>
<!-- Generated by org.testng.reporters.JUnitXMLReporter -->
<testsuite ignored="0" hostname="EMADHASHASH" failures="0" tests="6" name="Default test" time="52.017" errors="0" timestamp="2025-05-05T18:33:44 EET">
  <testcase classname="MyTestCase.Task" name="singUpTest" time="2.321"/>
  <testcase classname="MyTestCase.Task" name="loginTest" time="1.245"/>
  <testcase classname="MyTestCase.Task" name="contactTest" time="2.352"/>
  <testcase classname="MyTestCase.Task" name="productTest" time="4.292"/>
  <testcase classname="MyTestCase.Task" name="cartAndCheckoutTest" time="7.637"/>
  <testcase classname="MyTestCase.Task" name="categoriesTest" time="14.852"/>
</testsuite> <!-- Default test -->
